# JRE version: Java(TM) SE Runtime Environment (8.0_192-b12) (build 1.8.0_192-b12)
# Java VM: Java HotSpot(TM) 64-Bit Server VM (25.192-b12 mixed mode windows-amd64 compressed oops)
Heap:
 PSYoungGen      total 55296K, used 11220K [0x00000000d5d80000, 0x00000000ddd80000, 0x0000000100000000)
  eden space 54784K, 20% used [0x00000000d5d80000,0x00000000d68451a8,0x00000000d9300000)
  from space 512K, 37% used [0x00000000ddd00000,0x00000000ddd30000,0x00000000ddd80000)
  to   space 2048K, 0% used [0x00000000dd980000,0x00000000dd980000,0x00000000ddb80000)
 ParOldGen       total 87552K, used 1208K [0x0000000081800000, 0x0000000086d80000, 0x00000000d5d80000)
  object space 87552K, 1% used [0x0000000081800000,0x000000008192e050,0x0000000086d80000)
 Metaspace       used 9164K, capacity 9442K, committed 9600K, reserved 1058816K
  class space    used 800K, capacity 893K, committed 896K, reserved 1048576K
GC Heap History (10 events):
Event: 41.622 GC heap before
{Heap before GC invocations=8 (full 0):
 PSYoungGen      total 62976K, used 62624K [0x00000000d5d80000, 0x00000000de200000, 0x0000000100000000)
  eden space 62464K, 100% used [0x00000000d5d80000,0x00000000d9a80000,0x00000000d9a80000)
  from space 512K, 31% used [0x00000000ddf00000,0x00000000ddf28000,0x00000000ddf80000)
  to   space 2048K, 0% used [0x00000000de000000,0x00000000de000000,0x00000000de200000)
 ParOldGen       total 87552K, used 1040K [0x0000000081800000, 0x0000000086d80000, 0x00000000d5d80000)
  object space 87552K, 1% used [0x0000000081800000,0x0000000081904050,0x0000000086d80000)
 Metaspace       used 6234K, capacity 6470K, committed 6784K, reserved 1056768K
  class space    used 701K, capacity 783K, committed 896K, reserved 1048576K
Event: 41.623 GC heap after
Heap after GC invocations=8 (full 0):
 PSYoungGen      total 61440K, used 192K [0x00000000d5d80000, 0x00000000de080000, 0x0000000100000000)
  eden space 60928K, 0% used [0x00000000d5d80000,0x00000000d5d80000,0x00000000d9900000)
  from space 512K, 37% used [0x00000000de000000,0x00000000de030000,0x00000000de080000)
  to   space 2048K, 0% used [0x00000000ddc80000,0x00000000ddc80000,0x00000000dde80000)
 ParOldGen       total 87552K, used 1064K [0x0000000081800000, 0x0000000086d80000, 0x00000000d5d80000)
  object space 87552K, 1% used [0x0000000081800000,0x000000008190a050,0x0000000086d80000)
 Metaspace       used 6234K, capacity 6470K, committed 6784K, reserved 1056768K
  class space    used 701K, capacity 783K, committed 896K, reserved 1048576K
}
Event: 41.705 GC heap before
{Heap before GC invocations=9 (full 0):
 PSYoungGen      total 61440K, used 61120K [0x00000000d5d80000, 0x00000000de080000, 0x0000000100000000)
  eden space 60928K, 100% used [0x00000000d5d80000,0x00000000d9900000,0x00000000d9900000)
  from space 512K, 37% used [0x00000000de000000,0x00000000de030000,0x00000000de080000)
  to   space 2048K, 0% used [0x00000000ddc80000,0x00000000ddc80000,0x00000000dde80000)
 ParOldGen       total 87552K, used 1064K [0x0000000081800000, 0x0000000086d80000, 0x00000000d5d80000)
  object space 87552K, 1% used [0x0000000081800000,0x000000008190a050,0x0000000086d80000)
 Metaspace       used 6234K, capacity 6470K, committed 6784K, reserved 1056768K
  class space    used 701K, capacity 783K, committed 896K, reserved 1048576K
Event: 41.705 GC heap after
Heap after GC invocations=9 (full 0):
 PSYoungGen      total 61440K, used 160K [0x00000000d5d80000, 0x00000000de080000, 0x0000000100000000)
  eden space 59392K, 0% used [0x00000000d5d80000,0x00000000d5d80000,0x00000000d9780000)
  from space 2048K, 7% used [0x00000000ddc80000,0x00000000ddca8000,0x00000000dde80000)
  to   space 2048K, 0% used [0x00000000dde80000,0x00000000dde80000,0x00000000de080000)
 ParOldGen       total 87552K, used 1120K [0x0000000081800000, 0x0000000086d80000, 0x00000000d5d80000)
  object space 87552K, 1% used [0x0000000081800000,0x0000000081918050,0x0000000086d80000)
 Metaspace       used 6234K, capacity 6470K, committed 6784K, reserved 1056768K
  class space    used 701K, capacity 783K, committed 896K, reserved 1048576K
}
Event: 41.793 GC heap before
{Heap before GC invocations=10 (full 0):
 PSYoungGen      total 61440K, used 59552K [0x00000000d5d80000, 0x00000000de080000, 0x0000000100000000)
  eden space 59392K, 100% used [0x00000000d5d80000,0x00000000d9780000,0x00000000d9780000)
  from space 2048K, 7% used [0x00000000ddc80000,0x00000000ddca8000,0x00000000dde80000)
  to   space 2048K, 0% used [0x00000000dde80000,0x00000000dde80000,0x00000000de080000)
 ParOldGen       total 87552K, used 1120K [0x0000000081800000, 0x0000000086d80000, 0x00000000d5d80000)
  object space 87552K, 1% used [0x0000000081800000,0x0000000081918050,0x0000000086d80000)
 Metaspace       used 6234K, capacity 6470K, committed 6784K, reserved 1056768K
  class space    used 701K, capacity 783K, committed 896K, reserved 1048576K
Event: 41.793 GC heap after
Heap after GC invocations=10 (full 0):
 PSYoungGen      total 58368K, used 128K [0x00000000d5d80000, 0x00000000ddf00000, 0x0000000100000000)
  eden space 57856K, 0% used [0x00000000d5d80000,0x00000000d5d80000,0x00000000d9600000)
  from space 512K, 25% used [0x00000000dde80000,0x00000000ddea0000,0x00000000ddf00000)
  to   space 2048K, 0% used [0x00000000ddb00000,0x00000000ddb00000,0x00000000ddd00000)
 ParOldGen       total 87552K, used 1160K [0x0000000081800000, 0x0000000086d80000, 0x00000000d5d80000)
  object space 87552K, 1% used [0x0000000081800000,0x0000000081922050,0x0000000086d80000)
 Metaspace       used 6234K, capacity 6470K, committed 6784K, reserved 1056768K
  class space    used 701K, capacity 783K, committed 896K, reserved 1048576K
}
Event: 64.741 GC heap before
{Heap before GC invocations=11 (full 0):
 PSYoungGen      total 58368K, used 57984K [0x00000000d5d80000, 0x00000000ddf00000, 0x0000000100000000)
  eden space 57856K, 100% used [0x00000000d5d80000,0x00000000d9600000,0x00000000d9600000)
  from space 512K, 25% used [0x00000000dde80000,0x00000000ddea0000,0x00000000ddf00000)
  to   space 2048K, 0% used [0x00000000ddb00000,0x00000000ddb00000,0x00000000ddd00000)
 ParOldGen       total 87552K, used 1160K [0x0000000081800000, 0x0000000086d80000, 0x00000000d5d80000)
  object space 87552K, 1% used [0x0000000081800000,0x0000000081922050,0x0000000086d80000)
 Metaspace       used 6235K, capacity 6470K, committed 6784K, reserved 1056768K
  class space    used 701K, capacity 783K, committed 896K, reserved 1048576K
Event: 64.742 GC heap after
Heap after GC invocations=11 (full 0):
 PSYoungGen      total 58368K, used 160K [0x00000000d5d80000, 0x00000000ddf00000, 0x0000000100000000)
  eden space 56320K, 0% used [0x00000000d5d80000,0x00000000d5d80000,0x00000000d9480000)
  from space 2048K, 7% used [0x00000000ddb00000,0x00000000ddb28000,0x00000000ddd00000)
  to   space 2048K, 0% used [0x00000000ddd00000,0x00000000ddd00000,0x00000000ddf00000)
 ParOldGen       total 87552K, used 1176K [0x0000000081800000, 0x0000000086d80000, 0x00000000d5d80000)
  object space 87552K, 1% used [0x0000000081800000,0x0000000081926050,0x0000000086d80000)
 Metaspace       used 6235K, capacity 6470K, committed 6784K, reserved 1056768K
  class space    used 701K, capacity 783K, committed 896K, reserved 1048576K
}
Event: 125.771 GC heap before
{Heap before GC invocations=12 (full 0):
 PSYoungGen      total 58368K, used 56480K [0x00000000d5d80000, 0x00000000ddf00000, 0x0000000100000000)
  eden space 56320K, 100% used [0x00000000d5d80000,0x00000000d9480000,0x00000000d9480000)
  from space 2048K, 7% used [0x00000000ddb00000,0x00000000ddb28000,0x00000000ddd00000)
  to   space 2048K, 0% used [0x00000000ddd00000,0x00000000ddd00000,0x00000000ddf00000)
 ParOldGen       total 87552K, used 1176K [0x0000000081800000, 0x0000000086d80000, 0x00000000d5d80000)
  object space 87552K, 1% used [0x0000000081800000,0x0000000081926050,0x0000000086d80000)
 Metaspace       used 6479K, capacity 6754K, committed 7040K, reserved 1056768K
  class space    used 736K, capacity 829K, committed 896K, reserved 1048576K
Event: 125.772 GC heap after
Heap after GC invocations=12 (full 0):
 PSYoungGen      total 55296K, used 192K [0x00000000d5d80000, 0x00000000ddd80000, 0x0000000100000000)
  eden space 54784K, 0% used [0x00000000d5d80000,0x00000000d5d80000,0x00000000d9300000)
  from space 512K, 37% used [0x00000000ddd00000,0x00000000ddd30000,0x00000000ddd80000)
  to   space 2048K, 0% used [0x00000000dd980000,0x00000000dd980000,0x00000000ddb80000)
 ParOldGen       total 87552K, used 1208K [0x0000000081800000, 0x0000000086d80000, 0x00000000d5d80000)
  object space 87552K, 1% used [0x0000000081800000,0x000000008192e050,0x0000000086d80000)
 Metaspace       used 6479K, capacity 6754K, committed 7040K, reserved 1056768K
  class space    used 736K, capacity 829K, committed 896K, reserved 1048576K
}

